11:02:29.437 [main] INFO  n.h.m.ManbingAdminApplication - [logStarting,55] - Starting ManbingAdminApplication using Java 1.8.0_231 on DESKTOP-5P33UL2 with PID 12368 (F:\java\code\manbing_admin\target\classes started by lz in F:\java\code\manbing_admin)
11:02:29.442 [main] INFO  n.h.m.ManbingAdminApplication - [logStartupProfileInfo,675] - No active profile set, falling back to default profiles: default
11:02:30.954 [main] INFO  o.a.c.h.Http11NioProtocol - [log,173] - Initializing ProtocolHandler ["http-nio-8080"]
11:02:30.955 [main] INFO  o.a.c.c.StandardService - [log,173] - Starting service [Tomcat]
11:02:30.955 [main] INFO  o.a.c.c.StandardEngine - [log,173] - Starting Servlet engine: [Apache Tomcat/9.0.45]
11:02:31.050 [main] INFO  o.a.c.c.C.[.[.[/] - [log,173] - Initializing Spring embedded WebApplicationContext
11:02:31.882 [main] INFO  o.a.c.c.StandardService - [log,173] - Stopping service [Tomcat]
11:05:06.069 [main] INFO  n.h.m.ManbingAdminApplication - [logStarting,55] - Starting ManbingAdminApplication using Java 1.8.0_231 on DESKTOP-5P33UL2 with PID 18388 (F:\java\code\manbing_admin\target\classes started by lz in F:\java\code\manbing_admin)
11:05:06.072 [main] INFO  n.h.m.ManbingAdminApplication - [logStartupProfileInfo,675] - No active profile set, falling back to default profiles: default
11:05:07.533 [main] INFO  o.a.c.h.Http11NioProtocol - [log,173] - Initializing ProtocolHandler ["http-nio-8080"]
11:05:07.534 [main] INFO  o.a.c.c.StandardService - [log,173] - Starting service [Tomcat]
11:05:07.534 [main] INFO  o.a.c.c.StandardEngine - [log,173] - Starting Servlet engine: [Apache Tomcat/9.0.45]
11:05:07.613 [main] INFO  o.a.c.c.C.[.[.[/] - [log,173] - Initializing Spring embedded WebApplicationContext
11:05:08.436 [main] INFO  o.a.c.c.StandardService - [log,173] - Stopping service [Tomcat]
11:05:47.293 [main] INFO  n.h.m.ManbingAdminApplication - [logStarting,55] - Starting ManbingAdminApplication using Java 1.8.0_231 on DESKTOP-5P33UL2 with PID 15384 (F:\java\code\manbing_admin\target\classes started by lz in F:\java\code\manbing_admin)
11:05:47.297 [main] INFO  n.h.m.ManbingAdminApplication - [logStartupProfileInfo,675] - No active profile set, falling back to default profiles: default
11:05:48.732 [main] INFO  o.a.c.h.Http11NioProtocol - [log,173] - Initializing ProtocolHandler ["http-nio-8080"]
11:05:48.732 [main] INFO  o.a.c.c.StandardService - [log,173] - Starting service [Tomcat]
11:05:48.732 [main] INFO  o.a.c.c.StandardEngine - [log,173] - Starting Servlet engine: [Apache Tomcat/9.0.45]
11:05:48.824 [main] INFO  o.a.c.c.C.[.[.[/] - [log,173] - Initializing Spring embedded WebApplicationContext
11:05:50.525 [main] INFO  o.a.c.h.Http11NioProtocol - [log,173] - Starting ProtocolHandler ["http-nio-8080"]
11:05:50.823 [main] INFO  n.h.m.ManbingAdminApplication - [logStarted,61] - Started ManbingAdminApplication in 4.039 seconds (JVM running for 5.589)
11:06:54.331 [http-nio-8080-exec-1] INFO  o.a.c.c.C.[.[.[/] - [log,173] - Initializing Spring DispatcherServlet 'dispatcherServlet'
11:06:54.349 [http-nio-8080-exec-1] INFO  n.h.m.c.SaTokenConfigure - [lambda$addInterceptors$1,27] - 请求地址：/login/captcha
11:07:03.992 [http-nio-8080-exec-4] INFO  n.h.m.c.SaTokenConfigure - [lambda$addInterceptors$1,27] - 请求地址：/v1/login/captcha
11:07:24.571 [main] INFO  n.h.m.ManbingAdminApplication - [logStarting,55] - Starting ManbingAdminApplication using Java 1.8.0_231 on DESKTOP-5P33UL2 with PID 10328 (F:\java\code\manbing_admin\target\classes started by lz in F:\java\code\manbing_admin)
11:07:24.575 [main] INFO  n.h.m.ManbingAdminApplication - [logStartupProfileInfo,675] - No active profile set, falling back to default profiles: default
11:07:26.329 [main] INFO  o.a.c.h.Http11NioProtocol - [log,173] - Initializing ProtocolHandler ["http-nio-8080"]
11:07:26.330 [main] INFO  o.a.c.c.StandardService - [log,173] - Starting service [Tomcat]
11:07:26.330 [main] INFO  o.a.c.c.StandardEngine - [log,173] - Starting Servlet engine: [Apache Tomcat/9.0.45]
11:07:26.439 [main] INFO  o.a.c.c.C.[.[.[/] - [log,173] - Initializing Spring embedded WebApplicationContext
11:07:28.164 [main] INFO  o.a.c.h.Http11NioProtocol - [log,173] - Starting ProtocolHandler ["http-nio-8080"]
11:07:28.430 [main] INFO  n.h.m.ManbingAdminApplication - [logStarted,61] - Started ManbingAdminApplication in 4.426 seconds (JVM running for 5.725)
11:07:32.290 [http-nio-8080-exec-1] INFO  o.a.c.c.C.[.[.[/] - [log,173] - Initializing Spring DispatcherServlet 'dispatcherServlet'
11:07:32.306 [http-nio-8080-exec-1] INFO  n.h.m.c.SaTokenConfigure - [lambda$addInterceptors$1,27] - 请求地址：/v1/login/captcha
11:07:42.063 [http-nio-8080-exec-4] INFO  c.z.h.HikariDataSource - [getConnection,110] - Retail_HikariCP - Starting...
11:07:42.605 [http-nio-8080-exec-4] INFO  c.z.h.HikariDataSource - [getConnection,123] - Retail_HikariCP - Start completed.
11:21:20.264 [main] INFO  n.h.m.ManbingAdminApplication - [logStarting,55] - Starting ManbingAdminApplication using Java 1.8.0_231 on DESKTOP-5P33UL2 with PID 15380 (F:\java\code\manbing_admin\target\classes started by lz in F:\java\code\manbing_admin)
11:21:20.269 [main] INFO  n.h.m.ManbingAdminApplication - [logStartupProfileInfo,675] - No active profile set, falling back to default profiles: default
11:21:22.564 [main] INFO  o.a.c.h.Http11NioProtocol - [log,173] - Initializing ProtocolHandler ["http-nio-8080"]
11:21:22.565 [main] INFO  o.a.c.c.StandardService - [log,173] - Starting service [Tomcat]
11:21:22.565 [main] INFO  o.a.c.c.StandardEngine - [log,173] - Starting Servlet engine: [Apache Tomcat/9.0.45]
11:21:22.671 [main] INFO  o.a.c.c.C.[.[.[/] - [log,173] - Initializing Spring embedded WebApplicationContext
11:21:24.587 [main] INFO  o.a.c.h.Http11NioProtocol - [log,173] - Starting ProtocolHandler ["http-nio-8080"]
11:21:24.856 [main] INFO  n.h.m.ManbingAdminApplication - [logStarted,61] - Started ManbingAdminApplication in 5.408 seconds (JVM running for 6.701)
11:22:11.229 [http-nio-8080-exec-2] INFO  o.a.c.c.C.[.[.[/] - [log,173] - Initializing Spring DispatcherServlet 'dispatcherServlet'
11:24:42.189 [http-nio-8080-exec-6] INFO  n.h.m.c.LoginController - [pclogin,37] - 调用登录接口，参数：LoginQO(staffAccount=, staffPassword=, captcha=UF6L1)
11:28:38.441 [main] INFO  n.h.m.ManbingAdminApplication - [logStarting,55] - Starting ManbingAdminApplication using Java 1.8.0_231 on DESKTOP-5P33UL2 with PID 10044 (F:\java\code\manbing_admin\target\classes started by lz in F:\java\code\manbing_admin)
11:28:38.444 [main] INFO  n.h.m.ManbingAdminApplication - [logStartupProfileInfo,675] - No active profile set, falling back to default profiles: default
11:28:39.951 [main] INFO  o.a.c.h.Http11NioProtocol - [log,173] - Initializing ProtocolHandler ["http-nio-8080"]
11:28:39.952 [main] INFO  o.a.c.c.StandardService - [log,173] - Starting service [Tomcat]
11:28:39.952 [main] INFO  o.a.c.c.StandardEngine - [log,173] - Starting Servlet engine: [Apache Tomcat/9.0.45]
11:28:40.044 [main] INFO  o.a.c.c.C.[.[.[/] - [log,173] - Initializing Spring embedded WebApplicationContext
11:28:41.910 [main] INFO  o.a.c.h.Http11NioProtocol - [log,173] - Starting ProtocolHandler ["http-nio-8080"]
11:28:42.221 [main] INFO  n.h.m.ManbingAdminApplication - [logStarted,61] - Started ManbingAdminApplication in 4.316 seconds (JVM running for 5.792)
11:28:49.773 [http-nio-8080-exec-1] INFO  o.a.c.c.C.[.[.[/] - [log,173] - Initializing Spring DispatcherServlet 'dispatcherServlet'
11:28:49.837 [http-nio-8080-exec-1] INFO  n.h.m.c.LoginController - [pclogin,37] - 调用登录接口，参数：LoginQO(staffAccount=, staffPassword=, captcha=UF6L1)
11:29:17.881 [http-nio-8080-exec-3] INFO  n.h.m.c.LoginController - [pclogin,37] - 调用登录接口，参数：LoginQO(staffAccount=, staffPassword=, captcha=UF6L)
11:30:57.334 [http-nio-8080-exec-6] INFO  n.h.m.c.LoginController - [pclogin,37] - 调用登录接口，参数：LoginQO(staffAccount=, staffPassword=, captcha=7A7R)
11:39:17.061 [http-nio-8080-exec-10] INFO  n.h.m.c.LoginController - [pclogin,37] - 调用登录接口，参数：LoginQO(staffAccount=123456, staffPassword=ef9a851a0c1d83cc8f278564dddeadc1, captcha=7A7R)
11:39:37.558 [http-nio-8080-exec-10] INFO  c.z.h.HikariDataSource - [getConnection,110] - Retail_HikariCP - Starting...
11:39:38.495 [http-nio-8080-exec-10] INFO  c.z.h.HikariDataSource - [getConnection,123] - Retail_HikariCP - Start completed.
11:40:18.366 [http-nio-8080-exec-2] INFO  n.h.m.c.LoginController - [pclogin,37] - 调用登录接口，参数：LoginQO(staffAccount=123456, staffPassword=123456, captcha=7A7R)
11:44:40.200 [main] INFO  n.h.m.ManbingAdminApplication - [logStarting,55] - Starting ManbingAdminApplication using Java 1.8.0_231 on DESKTOP-5P33UL2 with PID 6744 (F:\java\code\manbing_admin\target\classes started by lz in F:\java\code\manbing_admin)
11:44:40.205 [main] INFO  n.h.m.ManbingAdminApplication - [logStartupProfileInfo,675] - No active profile set, falling back to default profiles: default
11:44:42.166 [main] INFO  o.a.c.h.Http11NioProtocol - [log,173] - Initializing ProtocolHandler ["http-nio-8080"]
11:44:42.166 [main] INFO  o.a.c.c.StandardService - [log,173] - Starting service [Tomcat]
11:44:42.166 [main] INFO  o.a.c.c.StandardEngine - [log,173] - Starting Servlet engine: [Apache Tomcat/9.0.45]
11:44:42.316 [main] INFO  o.a.c.c.C.[.[.[/] - [log,173] - Initializing Spring embedded WebApplicationContext
11:44:44.127 [main] INFO  o.a.c.h.Http11NioProtocol - [log,173] - Starting ProtocolHandler ["http-nio-8080"]
11:44:44.405 [main] INFO  n.h.m.ManbingAdminApplication - [logStarted,61] - Started ManbingAdminApplication in 4.73 seconds (JVM running for 6.212)
11:45:15.131 [http-nio-8080-exec-2] INFO  o.a.c.c.C.[.[.[/] - [log,173] - Initializing Spring DispatcherServlet 'dispatcherServlet'
11:45:35.802 [http-nio-8080-exec-4] INFO  n.h.m.c.LoginController - [pclogin,37] - 调用登录接口，参数：LoginQO(staffAccount=123456, staffPassword=123456, captcha=A8AN)
11:45:47.218 [http-nio-8080-exec-5] INFO  n.h.m.c.LoginController - [pclogin,37] - 调用登录接口，参数：LoginQO(staffAccount=123456, staffPassword=123456, captcha=A8AN)
11:46:20.271 [http-nio-8080-exec-7] INFO  n.h.m.c.LoginController - [pclogin,37] - 调用登录接口，参数：LoginQO(staffAccount=123456, staffPassword=123456, captcha=UYF9)
11:46:37.949 [http-nio-8080-exec-7] INFO  c.z.h.HikariDataSource - [getConnection,110] - Retail_HikariCP - Starting...
11:46:38.764 [http-nio-8080-exec-7] INFO  c.z.h.HikariDataSource - [getConnection,123] - Retail_HikariCP - Start completed.
11:47:40.370 [main] INFO  n.h.m.ManbingAdminApplication - [logStarting,55] - Starting ManbingAdminApplication using Java 1.8.0_231 on DESKTOP-5P33UL2 with PID 15468 (F:\java\code\manbing_admin\target\classes started by lz in F:\java\code\manbing_admin)
11:47:40.374 [main] INFO  n.h.m.ManbingAdminApplication - [logStartupProfileInfo,675] - No active profile set, falling back to default profiles: default
11:47:41.829 [main] INFO  o.a.c.h.Http11NioProtocol - [log,173] - Initializing ProtocolHandler ["http-nio-8080"]
11:47:41.830 [main] INFO  o.a.c.c.StandardService - [log,173] - Starting service [Tomcat]
11:47:41.830 [main] INFO  o.a.c.c.StandardEngine - [log,173] - Starting Servlet engine: [Apache Tomcat/9.0.45]
11:47:41.918 [main] INFO  o.a.c.c.C.[.[.[/] - [log,173] - Initializing Spring embedded WebApplicationContext
11:47:43.713 [main] INFO  o.a.c.h.Http11NioProtocol - [log,173] - Starting ProtocolHandler ["http-nio-8080"]
11:47:44.034 [main] INFO  n.h.m.ManbingAdminApplication - [logStarted,61] - Started ManbingAdminApplication in 4.208 seconds (JVM running for 5.374)
11:48:03.633 [http-nio-8080-exec-1] INFO  o.a.c.c.C.[.[.[/] - [log,173] - Initializing Spring DispatcherServlet 'dispatcherServlet'
11:48:17.684 [http-nio-8080-exec-4] INFO  n.h.m.c.LoginController - [pclogin,37] - 调用登录接口，参数：LoginQO(staffAccount=123456, staffPassword=123456, captcha=RIR5)
11:48:27.062 [http-nio-8080-exec-4] INFO  c.z.h.HikariDataSource - [getConnection,110] - Retail_HikariCP - Starting...
11:48:27.852 [http-nio-8080-exec-4] INFO  c.z.h.HikariDataSource - [getConnection,123] - Retail_HikariCP - Start completed.
11:51:45.023 [main] INFO  n.h.m.ManbingAdminApplication - [logStarting,55] - Starting ManbingAdminApplication using Java 1.8.0_231 on DESKTOP-5P33UL2 with PID 10204 (F:\java\code\manbing_admin\target\classes started by lz in F:\java\code\manbing_admin)
11:51:45.028 [main] INFO  n.h.m.ManbingAdminApplication - [logStartupProfileInfo,675] - No active profile set, falling back to default profiles: default
11:51:46.577 [main] INFO  o.a.c.h.Http11NioProtocol - [log,173] - Initializing ProtocolHandler ["http-nio-8080"]
11:51:46.578 [main] INFO  o.a.c.c.StandardService - [log,173] - Starting service [Tomcat]
11:51:46.578 [main] INFO  o.a.c.c.StandardEngine - [log,173] - Starting Servlet engine: [Apache Tomcat/9.0.45]
11:51:46.664 [main] INFO  o.a.c.c.C.[.[.[/] - [log,173] - Initializing Spring embedded WebApplicationContext
11:51:48.540 [main] INFO  o.a.c.h.Http11NioProtocol - [log,173] - Starting ProtocolHandler ["http-nio-8080"]
11:51:48.922 [main] INFO  n.h.m.ManbingAdminApplication - [logStarted,61] - Started ManbingAdminApplication in 4.426 seconds (JVM running for 5.678)
11:51:53.331 [http-nio-8080-exec-1] INFO  o.a.c.c.C.[.[.[/] - [log,173] - Initializing Spring DispatcherServlet 'dispatcherServlet'
11:51:53.398 [http-nio-8080-exec-1] INFO  n.h.m.c.LoginController - [pclogin,37] - 调用登录接口，参数：LoginQO(staffAccount=123456, staffPassword=123456, captcha=RIR5)
11:52:17.382 [http-nio-8080-exec-4] INFO  n.h.m.c.LoginController - [pclogin,37] - 调用登录接口，参数：LoginQO(staffAccount=123456, staffPassword=123456, captcha=MCDT)
11:52:21.359 [http-nio-8080-exec-4] INFO  c.z.h.HikariDataSource - [getConnection,110] - Retail_HikariCP - Starting...
11:52:21.604 [http-nio-8080-exec-4] INFO  c.z.h.HikariDataSource - [getConnection,123] - Retail_HikariCP - Start completed.
11:53:28.230 [http-nio-8080-exec-6] INFO  n.h.m.c.LoginController - [pclogin,37] - 调用登录接口，参数：LoginQO(staffAccount=123456, staffPassword=123456, captcha=MCDT)
11:54:46.449 [main] INFO  n.h.m.ManbingAdminApplication - [logStarting,55] - Starting ManbingAdminApplication using Java 1.8.0_231 on DESKTOP-5P33UL2 with PID 2160 (F:\java\code\manbing_admin\target\classes started by lz in F:\java\code\manbing_admin)
11:54:46.455 [main] INFO  n.h.m.ManbingAdminApplication - [logStartupProfileInfo,675] - No active profile set, falling back to default profiles: default
11:54:48.242 [main] INFO  o.a.c.h.Http11NioProtocol - [log,173] - Initializing ProtocolHandler ["http-nio-8080"]
11:54:48.243 [main] INFO  o.a.c.c.StandardService - [log,173] - Starting service [Tomcat]
11:54:48.243 [main] INFO  o.a.c.c.StandardEngine - [log,173] - Starting Servlet engine: [Apache Tomcat/9.0.45]
11:54:48.333 [main] INFO  o.a.c.c.C.[.[.[/] - [log,173] - Initializing Spring embedded WebApplicationContext
11:54:50.137 [main] INFO  o.a.c.h.Http11NioProtocol - [log,173] - Starting ProtocolHandler ["http-nio-8080"]
11:54:50.426 [main] INFO  n.h.m.ManbingAdminApplication - [logStarted,61] - Started ManbingAdminApplication in 4.552 seconds (JVM running for 5.947)
11:56:26.207 [http-nio-8080-exec-2] INFO  o.a.c.c.C.[.[.[/] - [log,173] - Initializing Spring DispatcherServlet 'dispatcherServlet'
11:56:26.325 [http-nio-8080-exec-2] INFO  n.h.m.c.LoginController - [pclogin,37] - 调用登录接口，参数：LoginQO(staffAccount=123456, staffPassword=123456, captcha=MCDT)
11:57:02.917 [main] INFO  n.h.m.ManbingAdminApplication - [logStarting,55] - Starting ManbingAdminApplication using Java 1.8.0_231 on DESKTOP-5P33UL2 with PID 16216 (F:\java\code\manbing_admin\target\classes started by lz in F:\java\code\manbing_admin)
11:57:02.921 [main] INFO  n.h.m.ManbingAdminApplication - [logStartupProfileInfo,675] - No active profile set, falling back to default profiles: default
11:57:04.387 [main] INFO  o.a.c.h.Http11NioProtocol - [log,173] - Initializing ProtocolHandler ["http-nio-8080"]
11:57:04.387 [main] INFO  o.a.c.c.StandardService - [log,173] - Starting service [Tomcat]
11:57:04.387 [main] INFO  o.a.c.c.StandardEngine - [log,173] - Starting Servlet engine: [Apache Tomcat/9.0.45]
11:57:04.476 [main] INFO  o.a.c.c.C.[.[.[/] - [log,173] - Initializing Spring embedded WebApplicationContext
11:57:06.179 [main] INFO  o.a.c.h.Http11NioProtocol - [log,173] - Starting ProtocolHandler ["http-nio-8080"]
11:57:06.467 [main] INFO  n.h.m.ManbingAdminApplication - [logStarted,61] - Started ManbingAdminApplication in 4.104 seconds (JVM running for 5.362)
11:57:29.808 [http-nio-8080-exec-1] INFO  o.a.c.c.C.[.[.[/] - [log,173] - Initializing Spring DispatcherServlet 'dispatcherServlet'
11:57:29.883 [http-nio-8080-exec-1] INFO  n.h.m.c.LoginController - [pclogin,37] - 调用登录接口，参数：LoginQO(staffAccount=123456, staffPassword=123456, captcha=MCDT)
11:57:29.958 [http-nio-8080-exec-1] INFO  c.z.h.HikariDataSource - [getConnection,110] - Retail_HikariCP - Starting...
11:57:30.203 [http-nio-8080-exec-1] INFO  c.z.h.HikariDataSource - [getConnection,123] - Retail_HikariCP - Start completed.
11:58:56.949 [main] INFO  n.h.m.ManbingAdminApplication - [logStarting,55] - Starting ManbingAdminApplication using Java 1.8.0_231 on DESKTOP-5P33UL2 with PID 12364 (F:\java\code\manbing_admin\target\classes started by lz in F:\java\code\manbing_admin)
11:58:56.953 [main] INFO  n.h.m.ManbingAdminApplication - [logStartupProfileInfo,675] - No active profile set, falling back to default profiles: default
11:58:58.517 [main] INFO  o.a.c.h.Http11NioProtocol - [log,173] - Initializing ProtocolHandler ["http-nio-8080"]
11:58:58.517 [main] INFO  o.a.c.c.StandardService - [log,173] - Starting service [Tomcat]
11:58:58.518 [main] INFO  o.a.c.c.StandardEngine - [log,173] - Starting Servlet engine: [Apache Tomcat/9.0.45]
11:58:58.608 [main] INFO  o.a.c.c.C.[.[.[/] - [log,173] - Initializing Spring embedded WebApplicationContext
11:59:00.344 [main] INFO  o.a.c.h.Http11NioProtocol - [log,173] - Starting ProtocolHandler ["http-nio-8080"]
11:59:00.628 [main] INFO  n.h.m.ManbingAdminApplication - [logStarted,61] - Started ManbingAdminApplication in 4.184 seconds (JVM running for 5.591)
11:59:07.351 [http-nio-8080-exec-2] INFO  o.a.c.c.C.[.[.[/] - [log,173] - Initializing Spring DispatcherServlet 'dispatcherServlet'
11:59:07.415 [http-nio-8080-exec-2] INFO  n.h.m.c.LoginController - [pclogin,37] - 调用登录接口，参数：LoginQO(staffAccount=123456, staffPassword=123456, captcha=MCDT)
11:59:07.486 [http-nio-8080-exec-2] INFO  c.z.h.HikariDataSource - [getConnection,110] - Retail_HikariCP - Starting...
11:59:07.845 [http-nio-8080-exec-2] INFO  c.z.h.HikariDataSource - [getConnection,123] - Retail_HikariCP - Start completed.
12:38:48.896 [main] INFO  n.h.m.ManbingAdminApplication - [logStarting,55] - Starting ManbingAdminApplication using Java 1.8.0_231 on DESKTOP-5P33UL2 with PID 12328 (F:\java\code\manbing_admin\target\classes started by lz in F:\java\code\manbing_admin)
12:38:48.900 [main] INFO  n.h.m.ManbingAdminApplication - [logStartupProfileInfo,675] - No active profile set, falling back to default profiles: default
12:38:51.715 [main] INFO  o.a.c.h.Http11NioProtocol - [log,173] - Initializing ProtocolHandler ["http-nio-8080"]
12:38:51.716 [main] INFO  o.a.c.c.StandardService - [log,173] - Starting service [Tomcat]
12:38:51.716 [main] INFO  o.a.c.c.StandardEngine - [log,173] - Starting Servlet engine: [Apache Tomcat/9.0.45]
12:38:51.811 [main] INFO  o.a.c.c.C.[.[.[/] - [log,173] - Initializing Spring embedded WebApplicationContext
12:38:53.619 [main] INFO  o.a.c.h.Http11NioProtocol - [log,173] - Starting ProtocolHandler ["http-nio-8080"]
12:38:53.945 [main] INFO  n.h.m.ManbingAdminApplication - [logStarted,61] - Started ManbingAdminApplication in 5.567 seconds (JVM running for 7.079)
12:41:29.600 [http-nio-8080-exec-1] INFO  o.a.c.c.C.[.[.[/] - [log,173] - Initializing Spring DispatcherServlet 'dispatcherServlet'
12:45:40.804 [http-nio-8080-exec-7] INFO  n.h.m.c.SaTokenConfigure - [lambda$addInterceptors$1,27] - 请求地址：/v1/login/captcha
12:45:51.559 [http-nio-8080-exec-8] INFO  n.h.m.c.SaTokenConfigure - [lambda$addInterceptors$1,27] - 请求地址：/v1/login/pclogin
12:45:51.574 [http-nio-8080-exec-8] INFO  n.h.m.c.LoginController - [pclogin,44] - 调用登录接口，参数：LoginQO(staffAccount=123456, staffPassword=123456, captcha=MCDT)
12:45:51.806 [http-nio-8080-exec-8] INFO  c.z.h.HikariDataSource - [getConnection,110] - Retail_HikariCP - Starting...
12:45:52.175 [http-nio-8080-exec-8] INFO  c.z.h.HikariDataSource - [getConnection,123] - Retail_HikariCP - Start completed.
12:46:23.190 [http-nio-8080-exec-9] INFO  n.h.m.c.SaTokenConfigure - [lambda$addInterceptors$1,27] - 请求地址：/v1/login/captcha
12:46:28.914 [http-nio-8080-exec-10] INFO  n.h.m.c.SaTokenConfigure - [lambda$addInterceptors$1,27] - 请求地址：/v1/login/pclogin
12:46:28.915 [http-nio-8080-exec-10] INFO  n.h.m.c.LoginController - [pclogin,44] - 调用登录接口，参数：LoginQO(staffAccount=123456, staffPassword=123456, captcha=MCDT)
12:47:59.138 [main] INFO  n.h.m.ManbingAdminApplication - [logStarting,55] - Starting ManbingAdminApplication using Java 1.8.0_231 on DESKTOP-5P33UL2 with PID 8712 (F:\java\code\manbing_admin\target\classes started by lz in F:\java\code\manbing_admin)
12:47:59.142 [main] INFO  n.h.m.ManbingAdminApplication - [logStartupProfileInfo,675] - No active profile set, falling back to default profiles: default
12:48:00.762 [main] INFO  o.a.c.h.Http11NioProtocol - [log,173] - Initializing ProtocolHandler ["http-nio-8080"]
12:48:00.763 [main] INFO  o.a.c.c.StandardService - [log,173] - Starting service [Tomcat]
12:48:00.763 [main] INFO  o.a.c.c.StandardEngine - [log,173] - Starting Servlet engine: [Apache Tomcat/9.0.45]
12:48:00.855 [main] INFO  o.a.c.c.C.[.[.[/] - [log,173] - Initializing Spring embedded WebApplicationContext
12:48:02.629 [main] INFO  o.a.c.h.Http11NioProtocol - [log,173] - Starting ProtocolHandler ["http-nio-8080"]
12:48:02.902 [main] INFO  n.h.m.ManbingAdminApplication - [logStarted,61] - Started ManbingAdminApplication in 4.304 seconds (JVM running for 5.523)
13:08:41.582 [main] INFO  n.h.m.ManbingAdminApplication - [logStarting,55] - Starting ManbingAdminApplication using Java 1.8.0_231 on DESKTOP-5P33UL2 with PID 9960 (F:\java\code\manbing_admin\target\classes started by lz in F:\java\code\manbing_admin)
13:08:41.586 [main] INFO  n.h.m.ManbingAdminApplication - [logStartupProfileInfo,675] - No active profile set, falling back to default profiles: default
13:08:43.149 [main] INFO  o.a.c.h.Http11NioProtocol - [log,173] - Initializing ProtocolHandler ["http-nio-8080"]
13:08:43.150 [main] INFO  o.a.c.c.StandardService - [log,173] - Starting service [Tomcat]
13:08:43.150 [main] INFO  o.a.c.c.StandardEngine - [log,173] - Starting Servlet engine: [Apache Tomcat/9.0.45]
13:08:43.246 [main] INFO  o.a.c.c.C.[.[.[/] - [log,173] - Initializing Spring embedded WebApplicationContext
13:08:45.058 [main] INFO  o.a.c.h.Http11NioProtocol - [log,173] - Starting ProtocolHandler ["http-nio-8080"]
13:08:45.383 [main] INFO  n.h.m.ManbingAdminApplication - [logStarted,61] - Started ManbingAdminApplication in 4.287 seconds (JVM running for 5.592)
13:09:36.362 [main] INFO  n.h.m.ManbingAdminApplication - [logStarting,55] - Starting ManbingAdminApplication using Java 1.8.0_231 on DESKTOP-5P33UL2 with PID 3888 (F:\java\code\manbing_admin\target\classes started by lz in F:\java\code\manbing_admin)
13:09:36.366 [main] INFO  n.h.m.ManbingAdminApplication - [logStartupProfileInfo,675] - No active profile set, falling back to default profiles: default
13:09:38.013 [main] INFO  o.a.c.h.Http11NioProtocol - [log,173] - Initializing ProtocolHandler ["http-nio-8080"]
13:09:38.014 [main] INFO  o.a.c.c.StandardService - [log,173] - Starting service [Tomcat]
13:09:38.014 [main] INFO  o.a.c.c.StandardEngine - [log,173] - Starting Servlet engine: [Apache Tomcat/9.0.45]
13:09:38.125 [main] INFO  o.a.c.c.C.[.[.[/] - [log,173] - Initializing Spring embedded WebApplicationContext
13:09:40.279 [main] INFO  o.a.c.h.Http11NioProtocol - [log,173] - Starting ProtocolHandler ["http-nio-8080"]
13:09:40.625 [main] INFO  n.h.m.ManbingAdminApplication - [logStarted,61] - Started ManbingAdminApplication in 4.799 seconds (JVM running for 6.054)
13:19:52.986 [main] INFO  n.h.m.ManbingAdminApplication - [logStarting,55] - Starting ManbingAdminApplication using Java 1.8.0_231 on DESKTOP-5P33UL2 with PID 14208 (F:\java\code\manbing_admin\target\classes started by lz in F:\java\code\manbing_admin)
13:19:52.991 [main] INFO  n.h.m.ManbingAdminApplication - [logStartupProfileInfo,675] - No active profile set, falling back to default profiles: default
13:19:54.567 [main] INFO  o.a.c.h.Http11NioProtocol - [log,173] - Initializing ProtocolHandler ["http-nio-8080"]
13:19:54.568 [main] INFO  o.a.c.c.StandardService - [log,173] - Starting service [Tomcat]
13:19:54.568 [main] INFO  o.a.c.c.StandardEngine - [log,173] - Starting Servlet engine: [Apache Tomcat/9.0.45]
13:19:54.661 [main] INFO  o.a.c.c.C.[.[.[/] - [log,173] - Initializing Spring embedded WebApplicationContext
13:19:56.390 [main] INFO  o.a.c.h.Http11NioProtocol - [log,173] - Starting ProtocolHandler ["http-nio-8080"]
13:19:56.700 [main] INFO  n.h.m.ManbingAdminApplication - [logStarted,61] - Started ManbingAdminApplication in 4.255 seconds (JVM running for 5.524)
13:22:16.788 [http-nio-8080-exec-2] INFO  o.a.c.c.C.[.[.[/] - [log,173] - Initializing Spring DispatcherServlet 'dispatcherServlet'
13:22:16.804 [http-nio-8080-exec-2] INFO  n.h.m.c.SaTokenConfigure - [lambda$addInterceptors$1,27] - 请求地址：/v1/personal/updateInfo
13:22:17.656 [http-nio-8080-exec-2] INFO  n.h.m.c.PersonalController - [pclogin,47] - 个人中心，参数：AuthStaffQO(staffId=1rrrr, creatorId=null, modifierId=null, gmtCreate=null, gmtModify=null, staffName=null, staffGender=null, staffIdCard=null, staffBirth=null, staffTel=null, staffDesc=null, certificateNo=null, licenseNo=null, signatureUrl=null, staffAccount=yyy, staffPassword=null, staffStatus=null, staffTitle=null, headImgUrl=null)
13:22:22.959 [http-nio-8080-exec-2] INFO  c.z.h.HikariDataSource - [getConnection,110] - Retail_HikariCP - Starting...
13:22:23.852 [http-nio-8080-exec-2] INFO  c.z.h.HikariDataSource - [getConnection,123] - Retail_HikariCP - Start completed.
13:23:03.314 [http-nio-8080-exec-3] INFO  n.h.m.c.SaTokenConfigure - [lambda$addInterceptors$1,27] - 请求地址：/v1/personal/updateInfo
13:23:03.323 [http-nio-8080-exec-3] INFO  n.h.m.c.PersonalController - [pclogin,47] - 个人中心，参数：AuthStaffQO(staffId=1rrrr, creatorId=null, modifierId=null, gmtCreate=null, gmtModify=null, staffName=null, staffGender=null, staffIdCard=null, staffBirth=null, staffTel=null, staffDesc=null, certificateNo=null, licenseNo=null, signatureUrl=null, staffAccount=yyy, staffPassword=null, staffStatus=null, staffTitle=null, headImgUrl=null)
13:25:06.431 [http-nio-8080-exec-6] INFO  n.h.m.c.SaTokenConfigure - [lambda$addInterceptors$1,27] - 请求地址：/v1/personal/updateInfo
13:25:06.439 [http-nio-8080-exec-6] INFO  n.h.m.c.PersonalController - [pclogin,47] - 个人中心，参数：AuthStaffQO(staffId=1rrrr, creatorId=null, modifierId=null, gmtCreate=null, gmtModify=null, staffName=null, staffGender=null, staffIdCard=null, staffBirth=null, staffTel=null, staffDesc=null, certificateNo=null, licenseNo=null, signatureUrl=null, staffAccount=yyy, staffPassword=null, staffStatus=null, staffTitle=null, headImgUrl=null)
13:31:16.679 [main] INFO  n.h.m.ManbingAdminApplication - [logStarting,55] - Starting ManbingAdminApplication using Java 1.8.0_231 on DESKTOP-5P33UL2 with PID 11160 (F:\java\code\manbing_admin\target\classes started by lz in F:\java\code\manbing_admin)
13:31:16.683 [main] INFO  n.h.m.ManbingAdminApplication - [logStartupProfileInfo,675] - No active profile set, falling back to default profiles: default
13:31:18.268 [main] INFO  o.a.c.h.Http11NioProtocol - [log,173] - Initializing ProtocolHandler ["http-nio-8080"]
13:31:18.268 [main] INFO  o.a.c.c.StandardService - [log,173] - Starting service [Tomcat]
13:31:18.269 [main] INFO  o.a.c.c.StandardEngine - [log,173] - Starting Servlet engine: [Apache Tomcat/9.0.45]
13:31:18.357 [main] INFO  o.a.c.c.C.[.[.[/] - [log,173] - Initializing Spring embedded WebApplicationContext
13:31:20.107 [main] INFO  o.a.c.h.Http11NioProtocol - [log,173] - Starting ProtocolHandler ["http-nio-8080"]
13:31:20.412 [main] INFO  n.h.m.ManbingAdminApplication - [logStarted,61] - Started ManbingAdminApplication in 4.286 seconds (JVM running for 5.558)
13:31:27.277 [http-nio-8080-exec-2] INFO  o.a.c.c.C.[.[.[/] - [log,173] - Initializing Spring DispatcherServlet 'dispatcherServlet'
13:31:27.293 [http-nio-8080-exec-2] INFO  n.h.m.c.SaTokenConfigure - [lambda$addInterceptors$1,27] - 请求地址：/v1/personal/updateInfo
13:31:28.130 [http-nio-8080-exec-2] INFO  n.h.m.c.PersonalController - [pclogin,47] - 个人中心，参数：AuthStaffQO(staffId=1rrrr, creatorId=null, modifierId=null, gmtCreate=null, gmtModify=null, staffName=null, staffGender=null, staffIdCard=null, staffBirth=null, staffTel=null, staffDesc=null, certificateNo=null, licenseNo=null, signatureUrl=null, staffAccount=yyy, staffPassword=null, staffStatus=null, staffTitle=null, headImgUrl=null)
13:31:33.558 [http-nio-8080-exec-2] INFO  c.z.h.HikariDataSource - [getConnection,110] - Retail_HikariCP - Starting...
13:31:34.425 [http-nio-8080-exec-2] INFO  c.z.h.HikariDataSource - [getConnection,123] - Retail_HikariCP - Start completed.
13:31:50.064 [http-nio-8080-exec-3] INFO  n.h.m.c.SaTokenConfigure - [lambda$addInterceptors$1,27] - 请求地址：/v1/personal/updateInfo
13:31:50.096 [http-nio-8080-exec-3] INFO  n.h.m.c.PersonalController - [pclogin,47] - 个人中心，参数：AuthStaffQO(staffId=1rrrr, creatorId=null, modifierId=null, gmtCreate=null, gmtModify=null, staffName=null, staffGender=null, staffIdCard=null, staffBirth=null, staffTel=null, staffDesc=null, certificateNo=null, licenseNo=null, signatureUrl=null, staffAccount=LLL, staffPassword=null, staffStatus=null, staffTitle=null, headImgUrl=null)
14:08:13.958 [main] INFO  n.h.m.ManbingAdminApplication - [logStarting,55] - Starting ManbingAdminApplication using Java 1.8.0_231 on DESKTOP-5P33UL2 with PID 9016 (F:\java\code\manbing_admin\target\classes started by lz in F:\java\code\manbing_admin)
14:08:13.961 [main] INFO  n.h.m.ManbingAdminApplication - [logStartupProfileInfo,675] - No active profile set, falling back to default profiles: default
14:08:15.998 [main] INFO  o.a.c.h.Http11NioProtocol - [log,173] - Initializing ProtocolHandler ["http-nio-8080"]
14:08:15.998 [main] INFO  o.a.c.c.StandardService - [log,173] - Starting service [Tomcat]
14:08:15.999 [main] INFO  o.a.c.c.StandardEngine - [log,173] - Starting Servlet engine: [Apache Tomcat/9.0.45]
14:08:16.120 [main] INFO  o.a.c.c.C.[.[.[/] - [log,173] - Initializing Spring embedded WebApplicationContext
14:08:18.302 [main] INFO  o.a.c.h.Http11NioProtocol - [log,173] - Starting ProtocolHandler ["http-nio-8080"]
14:08:18.629 [main] INFO  n.h.m.ManbingAdminApplication - [logStarted,61] - Started ManbingAdminApplication in 5.202 seconds (JVM running for 6.63)
14:11:06.860 [http-nio-8080-exec-2] INFO  o.a.c.c.C.[.[.[/] - [log,173] - Initializing Spring DispatcherServlet 'dispatcherServlet'
14:11:06.877 [http-nio-8080-exec-2] INFO  n.h.m.c.SaTokenConfigure - [lambda$addInterceptors$1,27] - 请求地址：/login/captcha
14:11:48.752 [main] INFO  n.h.m.ManbingAdminApplication - [logStarting,55] - Starting ManbingAdminApplication using Java 1.8.0_231 on DESKTOP-5P33UL2 with PID 6868 (F:\java\code\manbing_admin\target\classes started by lz in F:\java\code\manbing_admin)
14:11:48.756 [main] INFO  n.h.m.ManbingAdminApplication - [logStartupProfileInfo,675] - No active profile set, falling back to default profiles: default
14:11:50.391 [main] INFO  o.a.c.h.Http11NioProtocol - [log,173] - Initializing ProtocolHandler ["http-nio-8080"]
14:11:50.391 [main] INFO  o.a.c.c.StandardService - [log,173] - Starting service [Tomcat]
14:11:50.391 [main] INFO  o.a.c.c.StandardEngine - [log,173] - Starting Servlet engine: [Apache Tomcat/9.0.45]
14:11:50.479 [main] INFO  o.a.c.c.C.[.[.[/] - [log,173] - Initializing Spring embedded WebApplicationContext
14:11:52.512 [main] INFO  o.a.c.h.Http11NioProtocol - [log,173] - Starting ProtocolHandler ["http-nio-8080"]
14:11:52.850 [main] INFO  n.h.m.ManbingAdminApplication - [logStarted,61] - Started ManbingAdminApplication in 4.907 seconds (JVM running for 6.165)
14:12:05.683 [http-nio-8080-exec-1] INFO  o.a.c.c.C.[.[.[/] - [log,173] - Initializing Spring DispatcherServlet 'dispatcherServlet'
14:12:05.701 [http-nio-8080-exec-1] INFO  n.h.m.c.SaTokenConfigure - [lambda$addInterceptors$1,27] - 请求地址：/login/captcha
14:29:27.542 [main] INFO  n.h.m.ManbingAdminApplication - [logStarting,55] - Starting ManbingAdminApplication using Java 1.8.0_231 on DESKTOP-5P33UL2 with PID 15220 (F:\java\code\manbing_admin\target\classes started by lz in F:\java\code\manbing_admin)
14:29:27.545 [main] INFO  n.h.m.ManbingAdminApplication - [logStartupProfileInfo,675] - No active profile set, falling back to default profiles: default
14:29:29.040 [main] INFO  o.a.c.h.Http11NioProtocol - [log,173] - Initializing ProtocolHandler ["http-nio-8080"]
14:29:29.041 [main] INFO  o.a.c.c.StandardService - [log,173] - Starting service [Tomcat]
14:29:29.041 [main] INFO  o.a.c.c.StandardEngine - [log,173] - Starting Servlet engine: [Apache Tomcat/9.0.45]
14:29:29.134 [main] INFO  o.a.c.c.C.[.[.[/] - [log,173] - Initializing Spring embedded WebApplicationContext
14:29:30.844 [main] INFO  o.a.c.h.Http11NioProtocol - [log,173] - Starting ProtocolHandler ["http-nio-8080"]
14:29:31.163 [main] INFO  n.h.m.ManbingAdminApplication - [logStarted,61] - Started ManbingAdminApplication in 4.208 seconds (JVM running for 5.534)
14:35:08.968 [http-nio-8080-exec-2] INFO  o.a.c.c.C.[.[.[/] - [log,173] - Initializing Spring DispatcherServlet 'dispatcherServlet'
14:35:08.984 [http-nio-8080-exec-2] INFO  n.h.m.c.SaTokenConfigure - [lambda$addInterceptors$1,27] - 请求地址：/v1/doc/addDoc
14:35:59.502 [http-nio-8080-exec-3] INFO  n.h.m.c.SaTokenConfigure - [lambda$addInterceptors$1,27] - 请求地址：/v1/doc/addDoc
14:37:31.448 [main] INFO  n.h.m.ManbingAdminApplication - [logStarting,55] - Starting ManbingAdminApplication using Java 1.8.0_231 on DESKTOP-5P33UL2 with PID 1276 (F:\java\code\manbing_admin\target\classes started by lz in F:\java\code\manbing_admin)
14:37:31.451 [main] INFO  n.h.m.ManbingAdminApplication - [logStartupProfileInfo,675] - No active profile set, falling back to default profiles: default
14:37:33.246 [main] INFO  o.a.c.h.Http11NioProtocol - [log,173] - Initializing ProtocolHandler ["http-nio-8080"]
14:37:33.247 [main] INFO  o.a.c.c.StandardService - [log,173] - Starting service [Tomcat]
14:37:33.247 [main] INFO  o.a.c.c.StandardEngine - [log,173] - Starting Servlet engine: [Apache Tomcat/9.0.45]
14:37:33.339 [main] INFO  o.a.c.c.C.[.[.[/] - [log,173] - Initializing Spring embedded WebApplicationContext
14:37:35.048 [main] INFO  o.a.c.h.Http11NioProtocol - [log,173] - Starting ProtocolHandler ["http-nio-8080"]
14:37:35.369 [main] INFO  n.h.m.ManbingAdminApplication - [logStarted,61] - Started ManbingAdminApplication in 4.499 seconds (JVM running for 5.863)
14:37:49.654 [http-nio-8080-exec-2] INFO  o.a.c.c.C.[.[.[/] - [log,173] - Initializing Spring DispatcherServlet 'dispatcherServlet'
14:37:49.668 [http-nio-8080-exec-2] INFO  n.h.m.c.SaTokenConfigure - [lambda$addInterceptors$1,27] - 请求地址：/v1/doc/addDoc
14:37:56.771 [http-nio-8080-exec-2] INFO  c.z.h.HikariDataSource - [getConnection,110] - Retail_HikariCP - Starting...
14:37:57.044 [http-nio-8080-exec-2] INFO  c.z.h.HikariDataSource - [getConnection,123] - Retail_HikariCP - Start completed.
14:38:01.795 [http-nio-8080-exec-3] INFO  n.h.m.c.SaTokenConfigure - [lambda$addInterceptors$1,27] - 请求地址：/v1/doc/addDoc
14:48:46.564 [main] INFO  n.h.m.ManbingAdminApplication - [logStarting,55] - Starting ManbingAdminApplication using Java 1.8.0_231 on DESKTOP-5P33UL2 with PID 6708 (F:\java\code\manbing_admin\target\classes started by lz in F:\java\code\manbing_admin)
14:48:46.568 [main] INFO  n.h.m.ManbingAdminApplication - [logStartupProfileInfo,675] - No active profile set, falling back to default profiles: default
14:48:48.756 [main] INFO  o.a.c.h.Http11NioProtocol - [log,173] - Initializing ProtocolHandler ["http-nio-8080"]
14:48:48.757 [main] INFO  o.a.c.c.StandardService - [log,173] - Starting service [Tomcat]
14:48:48.757 [main] INFO  o.a.c.c.StandardEngine - [log,173] - Starting Servlet engine: [Apache Tomcat/9.0.45]
14:48:48.854 [main] INFO  o.a.c.c.C.[.[.[/] - [log,173] - Initializing Spring embedded WebApplicationContext
14:48:50.587 [main] INFO  o.a.c.h.Http11NioProtocol - [log,173] - Starting ProtocolHandler ["http-nio-8080"]
14:48:50.920 [main] INFO  n.h.m.ManbingAdminApplication - [logStarted,61] - Started ManbingAdminApplication in 4.957 seconds (JVM running for 6.398)
14:49:48.620 [http-nio-8080-exec-1] INFO  o.a.c.c.C.[.[.[/] - [log,173] - Initializing Spring DispatcherServlet 'dispatcherServlet'
14:49:48.635 [http-nio-8080-exec-1] INFO  n.h.m.c.SaTokenConfigure - [lambda$addInterceptors$1,27] - 请求地址：/v1/doc/addDoc
14:50:17.260 [http-nio-8080-exec-3] INFO  n.h.m.c.SaTokenConfigure - [lambda$addInterceptors$1,27] - 请求地址：/v1/doc/addDoc
14:51:15.568 [main] INFO  n.h.m.ManbingAdminApplication - [logStarting,55] - Starting ManbingAdminApplication using Java 1.8.0_231 on DESKTOP-5P33UL2 with PID 16200 (F:\java\code\manbing_admin\target\classes started by lz in F:\java\code\manbing_admin)
14:51:15.572 [main] INFO  n.h.m.ManbingAdminApplication - [logStartupProfileInfo,675] - No active profile set, falling back to default profiles: default
14:51:17.034 [main] INFO  o.a.c.h.Http11NioProtocol - [log,173] - Initializing ProtocolHandler ["http-nio-8080"]
14:51:17.035 [main] INFO  o.a.c.c.StandardService - [log,173] - Starting service [Tomcat]
14:51:17.035 [main] INFO  o.a.c.c.StandardEngine - [log,173] - Starting Servlet engine: [Apache Tomcat/9.0.45]
14:51:17.124 [main] INFO  o.a.c.c.C.[.[.[/] - [log,173] - Initializing Spring embedded WebApplicationContext
14:51:18.895 [main] INFO  o.a.c.h.Http11NioProtocol - [log,173] - Starting ProtocolHandler ["http-nio-8080"]
14:51:19.214 [main] INFO  n.h.m.ManbingAdminApplication - [logStarted,61] - Started ManbingAdminApplication in 4.189 seconds (JVM running for 5.417)
14:51:41.307 [http-nio-8080-exec-1] INFO  o.a.c.c.C.[.[.[/] - [log,173] - Initializing Spring DispatcherServlet 'dispatcherServlet'
14:51:41.322 [http-nio-8080-exec-1] INFO  n.h.m.c.SaTokenConfigure - [lambda$addInterceptors$1,27] - 请求地址：/v1/doc/addDoc
14:52:08.899 [http-nio-8080-exec-3] INFO  n.h.m.c.SaTokenConfigure - [lambda$addInterceptors$1,27] - 请求地址：/v1/doc/addDoc
14:52:45.668 [http-nio-8080-exec-4] INFO  n.h.m.c.SaTokenConfigure - [lambda$addInterceptors$1,27] - 请求地址：/v1/doc/addDoc
14:53:32.037 [http-nio-8080-exec-5] INFO  n.h.m.c.SaTokenConfigure - [lambda$addInterceptors$1,27] - 请求地址：/v1/doc/addDoc
14:53:42.149 [http-nio-8080-exec-5] INFO  c.z.h.HikariDataSource - [getConnection,110] - Retail_HikariCP - Starting...
14:53:43.004 [http-nio-8080-exec-5] INFO  c.z.h.HikariDataSource - [getConnection,123] - Retail_HikariCP - Start completed.
14:54:18.028 [http-nio-8080-exec-6] INFO  n.h.m.c.SaTokenConfigure - [lambda$addInterceptors$1,27] - 请求地址：/v1/doc/addDoc
15:00:03.554 [main] INFO  n.h.m.ManbingAdminApplication - [logStarting,55] - Starting ManbingAdminApplication using Java 1.8.0_231 on DESKTOP-5P33UL2 with PID 8708 (F:\java\code\manbing_admin\target\classes started by lz in F:\java\code\manbing_admin)
15:00:03.558 [main] INFO  n.h.m.ManbingAdminApplication - [logStartupProfileInfo,675] - No active profile set, falling back to default profiles: default
15:00:05.088 [main] INFO  o.a.c.h.Http11NioProtocol - [log,173] - Initializing ProtocolHandler ["http-nio-8080"]
15:00:05.088 [main] INFO  o.a.c.c.StandardService - [log,173] - Starting service [Tomcat]
15:00:05.089 [main] INFO  o.a.c.c.StandardEngine - [log,173] - Starting Servlet engine: [Apache Tomcat/9.0.45]
15:00:05.180 [main] INFO  o.a.c.c.C.[.[.[/] - [log,173] - Initializing Spring embedded WebApplicationContext
15:00:06.953 [main] INFO  o.a.c.h.Http11NioProtocol - [log,173] - Starting ProtocolHandler ["http-nio-8080"]
15:00:07.311 [main] INFO  n.h.m.ManbingAdminApplication - [logStarted,61] - Started ManbingAdminApplication in 4.328 seconds (JVM running for 5.69)
15:00:11.916 [http-nio-8080-exec-2] INFO  o.a.c.c.C.[.[.[/] - [log,173] - Initializing Spring DispatcherServlet 'dispatcherServlet'
15:00:11.930 [http-nio-8080-exec-2] INFO  n.h.m.c.SaTokenConfigure - [lambda$addInterceptors$1,27] - 请求地址：/v1/doc/addDoc
15:00:24.287 [http-nio-8080-exec-2] INFO  c.z.h.HikariDataSource - [getConnection,110] - Retail_HikariCP - Starting...
15:00:24.550 [http-nio-8080-exec-2] INFO  c.z.h.HikariDataSource - [getConnection,123] - Retail_HikariCP - Start completed.
15:54:36.440 [main] INFO  n.h.m.ManbingAdminApplication - [logStarting,55] - Starting ManbingAdminApplication using Java 1.8.0_231 on DESKTOP-5P33UL2 with PID 10936 (F:\java\code\manbing_admin\target\classes started by lz in F:\java\code\manbing_admin)
15:54:36.442 [main] INFO  n.h.m.ManbingAdminApplication - [logStartupProfileInfo,675] - No active profile set, falling back to default profiles: default
15:54:38.785 [main] INFO  o.a.c.h.Http11NioProtocol - [log,173] - Initializing ProtocolHandler ["http-nio-8080"]
15:54:38.787 [main] INFO  o.a.c.c.StandardService - [log,173] - Starting service [Tomcat]
15:54:38.787 [main] INFO  o.a.c.c.StandardEngine - [log,173] - Starting Servlet engine: [Apache Tomcat/9.0.45]
15:54:38.887 [main] INFO  o.a.c.c.C.[.[.[/] - [log,173] - Initializing Spring embedded WebApplicationContext
15:54:40.804 [main] INFO  o.a.c.h.Http11NioProtocol - [log,173] - Starting ProtocolHandler ["http-nio-8080"]
15:54:41.187 [main] INFO  n.h.m.ManbingAdminApplication - [logStarted,61] - Started ManbingAdminApplication in 5.231 seconds (JVM running for 6.697)
15:55:41.599 [http-nio-8080-exec-1] INFO  o.a.c.c.C.[.[.[/] - [log,173] - Initializing Spring DispatcherServlet 'dispatcherServlet'
15:55:41.614 [http-nio-8080-exec-1] INFO  n.h.m.c.SaTokenConfigure - [lambda$addInterceptors$1,27] - 请求地址：/v1/doc/listDocs
15:55:42.540 [http-nio-8080-exec-1] INFO  c.z.h.HikariDataSource - [getConnection,110] - Retail_HikariCP - Starting...
15:55:43.047 [http-nio-8080-exec-1] INFO  c.z.h.HikariDataSource - [getConnection,123] - Retail_HikariCP - Start completed.
15:55:59.477 [main] INFO  n.h.m.ManbingAdminApplication - [logStarting,55] - Starting ManbingAdminApplication using Java 1.8.0_231 on DESKTOP-5P33UL2 with PID 18112 (F:\java\code\manbing_admin\target\classes started by lz in F:\java\code\manbing_admin)
15:55:59.480 [main] INFO  n.h.m.ManbingAdminApplication - [logStartupProfileInfo,675] - No active profile set, falling back to default profiles: default
15:56:01.172 [main] INFO  o.a.c.h.Http11NioProtocol - [log,173] - Initializing ProtocolHandler ["http-nio-8080"]
15:56:01.173 [main] INFO  o.a.c.c.StandardService - [log,173] - Starting service [Tomcat]
15:56:01.173 [main] INFO  o.a.c.c.StandardEngine - [log,173] - Starting Servlet engine: [Apache Tomcat/9.0.45]
15:56:01.269 [main] INFO  o.a.c.c.C.[.[.[/] - [log,173] - Initializing Spring embedded WebApplicationContext
15:56:03.107 [main] INFO  o.a.c.h.Http11NioProtocol - [log,173] - Starting ProtocolHandler ["http-nio-8080"]
15:56:03.428 [main] INFO  n.h.m.ManbingAdminApplication - [logStarted,61] - Started ManbingAdminApplication in 4.436 seconds (JVM running for 5.756)
15:56:45.582 [main] INFO  n.h.m.ManbingAdminApplication - [logStarting,55] - Starting ManbingAdminApplication using Java 1.8.0_231 on DESKTOP-5P33UL2 with PID 4732 (F:\java\code\manbing_admin\target\classes started by lz in F:\java\code\manbing_admin)
15:56:45.585 [main] INFO  n.h.m.ManbingAdminApplication - [logStartupProfileInfo,675] - No active profile set, falling back to default profiles: default
15:56:47.006 [main] INFO  o.a.c.h.Http11NioProtocol - [log,173] - Initializing ProtocolHandler ["http-nio-8080"]
15:56:47.006 [main] INFO  o.a.c.c.StandardService - [log,173] - Starting service [Tomcat]
15:56:47.330 [main] INFO  o.a.c.c.StandardEngine - [log,173] - Starting Servlet engine: [Apache Tomcat/9.0.45]
15:56:47.421 [main] INFO  o.a.c.c.C.[.[.[/] - [log,173] - Initializing Spring embedded WebApplicationContext
15:56:49.135 [main] INFO  o.a.c.h.Http11NioProtocol - [log,173] - Starting ProtocolHandler ["http-nio-8080"]
15:56:49.469 [main] INFO  n.h.m.ManbingAdminApplication - [logStarted,61] - Started ManbingAdminApplication in 4.371 seconds (JVM running for 5.661)
15:57:01.731 [http-nio-8080-exec-2] INFO  o.a.c.c.C.[.[.[/] - [log,173] - Initializing Spring DispatcherServlet 'dispatcherServlet'
15:57:01.746 [http-nio-8080-exec-2] INFO  n.h.m.c.SaTokenConfigure - [lambda$addInterceptors$1,27] - 请求地址：/v1/doc/listDocs
15:58:29.698 [main] INFO  n.h.m.ManbingAdminApplication - [logStarting,55] - Starting ManbingAdminApplication using Java 1.8.0_231 on DESKTOP-5P33UL2 with PID 864 (F:\java\code\manbing_admin\target\classes started by lz in F:\java\code\manbing_admin)
15:58:29.702 [main] INFO  n.h.m.ManbingAdminApplication - [logStartupProfileInfo,675] - No active profile set, falling back to default profiles: default
15:58:31.513 [main] INFO  o.a.c.h.Http11NioProtocol - [log,173] - Initializing ProtocolHandler ["http-nio-8080"]
15:58:31.514 [main] INFO  o.a.c.c.StandardService - [log,173] - Starting service [Tomcat]
15:58:31.514 [main] INFO  o.a.c.c.StandardEngine - [log,173] - Starting Servlet engine: [Apache Tomcat/9.0.45]
15:58:31.608 [main] INFO  o.a.c.c.C.[.[.[/] - [log,173] - Initializing Spring embedded WebApplicationContext
15:58:33.438 [main] INFO  o.a.c.h.Http11NioProtocol - [log,173] - Starting ProtocolHandler ["http-nio-8080"]
15:58:33.776 [main] INFO  n.h.m.ManbingAdminApplication - [logStarted,61] - Started ManbingAdminApplication in 4.797 seconds (JVM running for 6.203)
15:59:27.916 [http-nio-8080-exec-2] INFO  o.a.c.c.C.[.[.[/] - [log,173] - Initializing Spring DispatcherServlet 'dispatcherServlet'
15:59:27.935 [http-nio-8080-exec-2] INFO  n.h.m.c.SaTokenConfigure - [lambda$addInterceptors$1,27] - 请求地址：/v1/doc/listDocs
15:59:28.788 [http-nio-8080-exec-2] INFO  c.z.h.HikariDataSource - [getConnection,110] - Retail_HikariCP - Starting...
15:59:29.172 [http-nio-8080-exec-2] INFO  c.z.h.HikariDataSource - [getConnection,123] - Retail_HikariCP - Start completed.
16:03:42.270 [main] INFO  n.h.m.ManbingAdminApplication - [logStarting,55] - Starting ManbingAdminApplication using Java 1.8.0_231 on DESKTOP-5P33UL2 with PID 11796 (F:\java\code\manbing_admin\target\classes started by lz in F:\java\code\manbing_admin)
16:03:42.273 [main] INFO  n.h.m.ManbingAdminApplication - [logStartupProfileInfo,675] - No active profile set, falling back to default profiles: default
16:03:43.704 [main] INFO  o.a.c.h.Http11NioProtocol - [log,173] - Initializing ProtocolHandler ["http-nio-8080"]
16:03:43.705 [main] INFO  o.a.c.c.StandardService - [log,173] - Starting service [Tomcat]
16:03:43.705 [main] INFO  o.a.c.c.StandardEngine - [log,173] - Starting Servlet engine: [Apache Tomcat/9.0.45]
16:03:43.795 [main] INFO  o.a.c.c.C.[.[.[/] - [log,173] - Initializing Spring embedded WebApplicationContext
16:03:45.522 [main] INFO  o.a.c.h.Http11NioProtocol - [log,173] - Starting ProtocolHandler ["http-nio-8080"]
16:03:45.861 [main] INFO  n.h.m.ManbingAdminApplication - [logStarted,61] - Started ManbingAdminApplication in 4.067 seconds (JVM running for 5.466)
16:03:55.333 [http-nio-8080-exec-1] INFO  o.a.c.c.C.[.[.[/] - [log,173] - Initializing Spring DispatcherServlet 'dispatcherServlet'
16:03:55.347 [http-nio-8080-exec-1] INFO  n.h.m.c.SaTokenConfigure - [lambda$addInterceptors$1,27] - 请求地址：/v1/doc/listDocs
16:03:56.106 [http-nio-8080-exec-1] INFO  c.z.h.HikariDataSource - [getConnection,110] - Retail_HikariCP - Starting...
16:03:56.397 [http-nio-8080-exec-1] INFO  c.z.h.HikariDataSource - [getConnection,123] - Retail_HikariCP - Start completed.
16:05:27.618 [main] INFO  n.h.m.ManbingAdminApplication - [logStarting,55] - Starting ManbingAdminApplication using Java 1.8.0_231 on DESKTOP-5P33UL2 with PID 3380 (F:\java\code\manbing_admin\target\classes started by lz in F:\java\code\manbing_admin)
16:05:27.622 [main] INFO  n.h.m.ManbingAdminApplication - [logStartupProfileInfo,675] - No active profile set, falling back to default profiles: default
16:05:29.099 [main] INFO  o.a.c.h.Http11NioProtocol - [log,173] - Initializing ProtocolHandler ["http-nio-8080"]
16:05:29.100 [main] INFO  o.a.c.c.StandardService - [log,173] - Starting service [Tomcat]
16:05:29.100 [main] INFO  o.a.c.c.StandardEngine - [log,173] - Starting Servlet engine: [Apache Tomcat/9.0.45]
16:05:29.195 [main] INFO  o.a.c.c.C.[.[.[/] - [log,173] - Initializing Spring embedded WebApplicationContext
16:05:30.983 [main] INFO  o.a.c.h.Http11NioProtocol - [log,173] - Starting ProtocolHandler ["http-nio-8080"]
16:05:31.353 [main] INFO  n.h.m.ManbingAdminApplication - [logStarted,61] - Started ManbingAdminApplication in 4.286 seconds (JVM running for 5.624)
16:06:02.629 [main] INFO  n.h.m.ManbingAdminApplication - [logStarting,55] - Starting ManbingAdminApplication using Java 1.8.0_231 on DESKTOP-5P33UL2 with PID 14080 (F:\java\code\manbing_admin\target\classes started by lz in F:\java\code\manbing_admin)
16:06:02.632 [main] INFO  n.h.m.ManbingAdminApplication - [logStartupProfileInfo,675] - No active profile set, falling back to default profiles: default
16:06:04.082 [main] INFO  o.a.c.h.Http11NioProtocol - [log,173] - Initializing ProtocolHandler ["http-nio-8080"]
16:06:04.083 [main] INFO  o.a.c.c.StandardService - [log,173] - Starting service [Tomcat]
16:06:04.083 [main] INFO  o.a.c.c.StandardEngine - [log,173] - Starting Servlet engine: [Apache Tomcat/9.0.45]
16:06:04.175 [main] INFO  o.a.c.c.C.[.[.[/] - [log,173] - Initializing Spring embedded WebApplicationContext
16:06:05.894 [main] INFO  o.a.c.h.Http11NioProtocol - [log,173] - Starting ProtocolHandler ["http-nio-8080"]
16:06:06.239 [main] INFO  n.h.m.ManbingAdminApplication - [logStarted,61] - Started ManbingAdminApplication in 4.124 seconds (JVM running for 5.43)
16:06:14.905 [http-nio-8080-exec-3] INFO  o.a.c.c.C.[.[.[/] - [log,173] - Initializing Spring DispatcherServlet 'dispatcherServlet'
16:06:14.919 [http-nio-8080-exec-3] INFO  n.h.m.c.SaTokenConfigure - [lambda$addInterceptors$1,27] - 请求地址：/v1/doc/listDocs
16:06:15.756 [http-nio-8080-exec-3] INFO  c.z.h.HikariDataSource - [getConnection,110] - Retail_HikariCP - Starting...
16:06:16.086 [http-nio-8080-exec-3] INFO  c.z.h.HikariDataSource - [getConnection,123] - Retail_HikariCP - Start completed.
16:07:18.391 [main] INFO  n.h.m.ManbingAdminApplication - [logStarting,55] - Starting ManbingAdminApplication using Java 1.8.0_231 on DESKTOP-5P33UL2 with PID 10156 (F:\java\code\manbing_admin\target\classes started by lz in F:\java\code\manbing_admin)
16:07:18.395 [main] INFO  n.h.m.ManbingAdminApplication - [logStartupProfileInfo,675] - No active profile set, falling back to default profiles: default
16:07:19.847 [main] INFO  o.a.c.h.Http11NioProtocol - [log,173] - Initializing ProtocolHandler ["http-nio-8080"]
16:07:19.848 [main] INFO  o.a.c.c.StandardService - [log,173] - Starting service [Tomcat]
16:07:19.848 [main] INFO  o.a.c.c.StandardEngine - [log,173] - Starting Servlet engine: [Apache Tomcat/9.0.45]
16:07:19.936 [main] INFO  o.a.c.c.C.[.[.[/] - [log,173] - Initializing Spring embedded WebApplicationContext
16:07:21.681 [main] INFO  o.a.c.h.Http11NioProtocol - [log,173] - Starting ProtocolHandler ["http-nio-8080"]
16:07:22.031 [main] INFO  n.h.m.ManbingAdminApplication - [logStarted,61] - Started ManbingAdminApplication in 4.198 seconds (JVM running for 5.385)
16:07:26.895 [http-nio-8080-exec-2] INFO  o.a.c.c.C.[.[.[/] - [log,173] - Initializing Spring DispatcherServlet 'dispatcherServlet'
16:07:26.909 [http-nio-8080-exec-2] INFO  n.h.m.c.SaTokenConfigure - [lambda$addInterceptors$1,27] - 请求地址：/v1/doc/listDocs
16:07:27.645 [http-nio-8080-exec-2] INFO  c.z.h.HikariDataSource - [getConnection,110] - Retail_HikariCP - Starting...
16:07:27.895 [http-nio-8080-exec-2] INFO  c.z.h.HikariDataSource - [getConnection,123] - Retail_HikariCP - Start completed.
16:07:52.395 [main] INFO  n.h.m.ManbingAdminApplication - [logStarting,55] - Starting ManbingAdminApplication using Java 1.8.0_231 on DESKTOP-5P33UL2 with PID 12040 (F:\java\code\manbing_admin\target\classes started by lz in F:\java\code\manbing_admin)
16:07:52.399 [main] INFO  n.h.m.ManbingAdminApplication - [logStartupProfileInfo,675] - No active profile set, falling back to default profiles: default
16:07:53.970 [main] INFO  o.a.c.h.Http11NioProtocol - [log,173] - Initializing ProtocolHandler ["http-nio-8080"]
16:07:53.972 [main] INFO  o.a.c.c.StandardService - [log,173] - Starting service [Tomcat]
16:07:53.972 [main] INFO  o.a.c.c.StandardEngine - [log,173] - Starting Servlet engine: [Apache Tomcat/9.0.45]
16:07:54.066 [main] INFO  o.a.c.c.C.[.[.[/] - [log,173] - Initializing Spring embedded WebApplicationContext
16:07:55.819 [main] INFO  o.a.c.h.Http11NioProtocol - [log,173] - Starting ProtocolHandler ["http-nio-8080"]
16:07:56.158 [main] INFO  n.h.m.ManbingAdminApplication - [logStarted,61] - Started ManbingAdminApplication in 4.36 seconds (JVM running for 5.69)
16:08:08.101 [http-nio-8080-exec-1] INFO  o.a.c.c.C.[.[.[/] - [log,173] - Initializing Spring DispatcherServlet 'dispatcherServlet'
16:08:08.116 [http-nio-8080-exec-1] INFO  n.h.m.c.SaTokenConfigure - [lambda$addInterceptors$1,27] - 请求地址：/v1/doc/listDocs
16:08:09.028 [http-nio-8080-exec-1] INFO  c.z.h.HikariDataSource - [getConnection,110] - Retail_HikariCP - Starting...
16:08:09.350 [http-nio-8080-exec-1] INFO  c.z.h.HikariDataSource - [getConnection,123] - Retail_HikariCP - Start completed.
16:08:57.058 [http-nio-8080-exec-3] INFO  n.h.m.c.SaTokenConfigure - [lambda$addInterceptors$1,27] - 请求地址：/v1/doc/listDocs
16:10:17.087 [main] INFO  n.h.m.ManbingAdminApplication - [logStarting,55] - Starting ManbingAdminApplication using Java 1.8.0_231 on DESKTOP-5P33UL2 with PID 16368 (F:\java\code\manbing_admin\target\classes started by lz in F:\java\code\manbing_admin)
16:10:17.092 [main] INFO  n.h.m.ManbingAdminApplication - [logStartupProfileInfo,675] - No active profile set, falling back to default profiles: default
16:10:18.565 [main] INFO  o.a.c.h.Http11NioProtocol - [log,173] - Initializing ProtocolHandler ["http-nio-8080"]
16:10:18.566 [main] INFO  o.a.c.c.StandardService - [log,173] - Starting service [Tomcat]
16:10:18.566 [main] INFO  o.a.c.c.StandardEngine - [log,173] - Starting Servlet engine: [Apache Tomcat/9.0.45]
16:10:18.658 [main] INFO  o.a.c.c.C.[.[.[/] - [log,173] - Initializing Spring embedded WebApplicationContext
16:10:20.375 [main] INFO  o.a.c.h.Http11NioProtocol - [log,173] - Starting ProtocolHandler ["http-nio-8080"]
16:10:20.716 [main] INFO  n.h.m.ManbingAdminApplication - [logStarted,61] - Started ManbingAdminApplication in 4.244 seconds (JVM running for 5.457)
16:10:38.399 [http-nio-8080-exec-2] INFO  o.a.c.c.C.[.[.[/] - [log,173] - Initializing Spring DispatcherServlet 'dispatcherServlet'
16:10:38.415 [http-nio-8080-exec-2] INFO  n.h.m.c.SaTokenConfigure - [lambda$addInterceptors$1,27] - 请求地址：/v1/doc/listDocs
16:11:19.185 [http-nio-8080-exec-2] INFO  c.z.h.HikariDataSource - [getConnection,110] - Retail_HikariCP - Starting...
16:11:19.433 [http-nio-8080-exec-2] INFO  c.z.h.HikariDataSource - [getConnection,123] - Retail_HikariCP - Start completed.
16:11:45.011 [http-nio-8080-exec-3] INFO  n.h.m.c.SaTokenConfigure - [lambda$addInterceptors$1,27] - 请求地址：/v1/doc/listDocs
16:14:51.166 [main] INFO  n.h.m.ManbingAdminApplication - [logStarting,55] - Starting ManbingAdminApplication using Java 1.8.0_231 on DESKTOP-5P33UL2 with PID 2296 (F:\java\code\manbing_admin\target\classes started by lz in F:\java\code\manbing_admin)
16:14:51.170 [main] INFO  n.h.m.ManbingAdminApplication - [logStartupProfileInfo,675] - No active profile set, falling back to default profiles: default
16:14:52.859 [main] INFO  o.a.c.h.Http11NioProtocol - [log,173] - Initializing ProtocolHandler ["http-nio-8080"]
16:14:52.860 [main] INFO  o.a.c.c.StandardService - [log,173] - Starting service [Tomcat]
16:14:52.860 [main] INFO  o.a.c.c.StandardEngine - [log,173] - Starting Servlet engine: [Apache Tomcat/9.0.45]
16:14:52.952 [main] INFO  o.a.c.c.C.[.[.[/] - [log,173] - Initializing Spring embedded WebApplicationContext
16:14:54.907 [main] INFO  o.a.c.h.Http11NioProtocol - [log,173] - Starting ProtocolHandler ["http-nio-8080"]
16:14:55.266 [main] INFO  n.h.m.ManbingAdminApplication - [logStarted,61] - Started ManbingAdminApplication in 4.602 seconds (JVM running for 5.907)
16:14:59.767 [http-nio-8080-exec-2] INFO  o.a.c.c.C.[.[.[/] - [log,173] - Initializing Spring DispatcherServlet 'dispatcherServlet'
16:14:59.781 [http-nio-8080-exec-2] INFO  n.h.m.c.SaTokenConfigure - [lambda$addInterceptors$1,27] - 请求地址：/v1/doc/listDocs
16:15:04.096 [http-nio-8080-exec-2] INFO  c.z.h.HikariDataSource - [getConnection,110] - Retail_HikariCP - Starting...
16:15:04.355 [http-nio-8080-exec-2] INFO  c.z.h.HikariDataSource - [getConnection,123] - Retail_HikariCP - Start completed.
16:15:18.706 [http-nio-8080-exec-3] INFO  n.h.m.c.SaTokenConfigure - [lambda$addInterceptors$1,27] - 请求地址：/v1/doc/listDocs
16:16:37.454 [http-nio-8080-exec-4] INFO  n.h.m.c.SaTokenConfigure - [lambda$addInterceptors$1,27] - 请求地址：/v1/doc/listDocs
16:19:43.346 [http-nio-8080-exec-5] INFO  n.h.m.c.SaTokenConfigure - [lambda$addInterceptors$1,27] - 请求地址：/v1/doc/listDocs
16:20:22.254 [http-nio-8080-exec-6] INFO  n.h.m.c.SaTokenConfigure - [lambda$addInterceptors$1,27] - 请求地址：/v1/doc/listDocs
16:20:33.641 [http-nio-8080-exec-7] INFO  n.h.m.c.SaTokenConfigure - [lambda$addInterceptors$1,27] - 请求地址：/v1/doc/listDocs
16:23:40.187 [main] INFO  n.h.m.ManbingAdminApplication - [logStarting,55] - Starting ManbingAdminApplication using Java 1.8.0_231 on DESKTOP-5P33UL2 with PID 5844 (F:\java\code\manbing_admin\target\classes started by lz in F:\java\code\manbing_admin)
16:23:40.191 [main] INFO  n.h.m.ManbingAdminApplication - [logStartupProfileInfo,675] - No active profile set, falling back to default profiles: default
16:23:43.793 [main] INFO  o.a.c.h.Http11NioProtocol - [log,173] - Initializing ProtocolHandler ["http-nio-8080"]
16:23:43.796 [main] INFO  o.a.c.c.StandardService - [log,173] - Starting service [Tomcat]
16:23:43.796 [main] INFO  o.a.c.c.StandardEngine - [log,173] - Starting Servlet engine: [Apache Tomcat/9.0.45]
16:23:43.899 [main] INFO  o.a.c.c.C.[.[.[/] - [log,173] - Initializing Spring embedded WebApplicationContext
16:23:46.027 [main] INFO  o.a.c.h.Http11NioProtocol - [log,173] - Starting ProtocolHandler ["http-nio-8080"]
16:23:46.660 [main] INFO  n.h.m.ManbingAdminApplication - [logStarted,61] - Started ManbingAdminApplication in 7.068 seconds (JVM running for 8.7)
16:23:54.307 [http-nio-8080-exec-3] INFO  o.a.c.c.C.[.[.[/] - [log,173] - Initializing Spring DispatcherServlet 'dispatcherServlet'
16:23:54.323 [http-nio-8080-exec-3] INFO  n.h.m.c.SaTokenConfigure - [lambda$addInterceptors$1,27] - 请求地址：/v1/doc/listDocs
16:24:30.264 [http-nio-8080-exec-7] INFO  n.h.m.c.SaTokenConfigure - [lambda$addInterceptors$1,27] - 请求地址：/v1/doc/listDocs
16:24:37.725 [http-nio-8080-exec-7] INFO  c.z.h.HikariDataSource - [getConnection,110] - Retail_HikariCP - Starting...
16:24:38.693 [http-nio-8080-exec-7] INFO  c.z.h.HikariDataSource - [getConnection,123] - Retail_HikariCP - Start completed.
16:24:46.385 [http-nio-8080-exec-8] INFO  n.h.m.c.SaTokenConfigure - [lambda$addInterceptors$1,27] - 请求地址：/v1/doc/listDocs
16:25:09.036 [main] INFO  n.h.m.ManbingAdminApplication - [logStarting,55] - Starting ManbingAdminApplication using Java 1.8.0_231 on DESKTOP-5P33UL2 with PID 19116 (F:\java\code\manbing_admin\target\classes started by lz in F:\java\code\manbing_admin)
16:25:09.039 [main] INFO  n.h.m.ManbingAdminApplication - [logStartupProfileInfo,675] - No active profile set, falling back to default profiles: default
16:25:10.542 [main] INFO  o.a.c.h.Http11NioProtocol - [log,173] - Initializing ProtocolHandler ["http-nio-8080"]
16:25:10.542 [main] INFO  o.a.c.c.StandardService - [log,173] - Starting service [Tomcat]
16:25:10.543 [main] INFO  o.a.c.c.StandardEngine - [log,173] - Starting Servlet engine: [Apache Tomcat/9.0.45]
16:25:10.635 [main] INFO  o.a.c.c.C.[.[.[/] - [log,173] - Initializing Spring embedded WebApplicationContext
16:25:12.486 [main] INFO  o.a.c.h.Http11NioProtocol - [log,173] - Starting ProtocolHandler ["http-nio-8080"]
16:25:12.839 [main] INFO  n.h.m.ManbingAdminApplication - [logStarted,61] - Started ManbingAdminApplication in 4.387 seconds (JVM running for 5.852)
16:25:24.205 [http-nio-8080-exec-1] INFO  o.a.c.c.C.[.[.[/] - [log,173] - Initializing Spring DispatcherServlet 'dispatcherServlet'
16:25:24.222 [http-nio-8080-exec-1] INFO  n.h.m.c.SaTokenConfigure - [lambda$addInterceptors$1,27] - 请求地址：/v1/doc/listDocs
16:25:41.944 [http-nio-8080-exec-1] INFO  c.z.h.HikariDataSource - [getConnection,110] - Retail_HikariCP - Starting...
16:25:42.202 [http-nio-8080-exec-1] INFO  c.z.h.HikariDataSource - [getConnection,123] - Retail_HikariCP - Start completed.
16:25:43.773 [http-nio-8080-exec-3] INFO  n.h.m.c.SaTokenConfigure - [lambda$addInterceptors$1,27] - 请求地址：/v1/doc/listDocs
16:25:49.905 [http-nio-8080-exec-4] INFO  n.h.m.c.SaTokenConfigure - [lambda$addInterceptors$1,27] - 请求地址：/v1/doc/listDocs
16:26:19.313 [main] INFO  n.h.m.ManbingAdminApplication - [logStarting,55] - Starting ManbingAdminApplication using Java 1.8.0_231 on DESKTOP-5P33UL2 with PID 16360 (F:\java\code\manbing_admin\target\classes started by lz in F:\java\code\manbing_admin)
16:26:19.318 [main] INFO  n.h.m.ManbingAdminApplication - [logStartupProfileInfo,675] - No active profile set, falling back to default profiles: default
16:26:20.746 [main] INFO  o.a.c.h.Http11NioProtocol - [log,173] - Initializing ProtocolHandler ["http-nio-8080"]
16:26:20.747 [main] INFO  o.a.c.c.StandardService - [log,173] - Starting service [Tomcat]
16:26:20.747 [main] INFO  o.a.c.c.StandardEngine - [log,173] - Starting Servlet engine: [Apache Tomcat/9.0.45]
16:26:20.834 [main] INFO  o.a.c.c.C.[.[.[/] - [log,173] - Initializing Spring embedded WebApplicationContext
16:26:22.569 [main] INFO  o.a.c.h.Http11NioProtocol - [log,173] - Starting ProtocolHandler ["http-nio-8080"]
16:26:22.927 [main] INFO  n.h.m.ManbingAdminApplication - [logStarted,61] - Started ManbingAdminApplication in 4.344 seconds (JVM running for 5.542)
16:26:34.107 [http-nio-8080-exec-2] INFO  o.a.c.c.C.[.[.[/] - [log,173] - Initializing Spring DispatcherServlet 'dispatcherServlet'
16:26:34.123 [http-nio-8080-exec-2] INFO  n.h.m.c.SaTokenConfigure - [lambda$addInterceptors$1,27] - 请求地址：/v1/doc/listDocs
16:26:36.774 [http-nio-8080-exec-2] INFO  c.z.h.HikariDataSource - [getConnection,110] - Retail_HikariCP - Starting...
16:26:37.006 [http-nio-8080-exec-2] INFO  c.z.h.HikariDataSource - [getConnection,123] - Retail_HikariCP - Start completed.
16:26:51.011 [http-nio-8080-exec-3] INFO  n.h.m.c.SaTokenConfigure - [lambda$addInterceptors$1,27] - 请求地址：/v1/doc/listDocs
16:28:57.639 [main] INFO  n.h.m.ManbingAdminApplication - [logStarting,55] - Starting ManbingAdminApplication using Java 1.8.0_231 on DESKTOP-5P33UL2 with PID 14224 (F:\java\code\manbing_admin\target\classes started by lz in F:\java\code\manbing_admin)
16:28:57.646 [main] INFO  n.h.m.ManbingAdminApplication - [logStartupProfileInfo,675] - No active profile set, falling back to default profiles: default
16:28:59.813 [main] INFO  o.a.c.h.Http11NioProtocol - [log,173] - Initializing ProtocolHandler ["http-nio-8080"]
16:28:59.816 [main] INFO  o.a.c.c.StandardService - [log,173] - Starting service [Tomcat]
16:28:59.816 [main] INFO  o.a.c.c.StandardEngine - [log,173] - Starting Servlet engine: [Apache Tomcat/9.0.45]
16:29:00.110 [main] INFO  o.a.c.c.C.[.[.[/] - [log,173] - Initializing Spring embedded WebApplicationContext
16:29:02.157 [main] INFO  o.a.c.h.Http11NioProtocol - [log,173] - Starting ProtocolHandler ["http-nio-8080"]
16:29:02.528 [main] INFO  n.h.m.ManbingAdminApplication - [logStarted,61] - Started ManbingAdminApplication in 5.752 seconds (JVM running for 8.15)
16:29:10.161 [http-nio-8080-exec-2] INFO  o.a.c.c.C.[.[.[/] - [log,173] - Initializing Spring DispatcherServlet 'dispatcherServlet'
16:29:10.177 [http-nio-8080-exec-2] INFO  n.h.m.c.SaTokenConfigure - [lambda$addInterceptors$1,27] - 请求地址：/v1/doc/listDocs
16:29:13.251 [http-nio-8080-exec-2] INFO  c.z.h.HikariDataSource - [getConnection,110] - Retail_HikariCP - Starting...
16:29:13.529 [http-nio-8080-exec-2] INFO  c.z.h.HikariDataSource - [getConnection,123] - Retail_HikariCP - Start completed.
